[INFO][2017-08-23 08:48:07,538][org.springframework.web.context.ContextLoader]Root WebApplicationContext: initialization started
[INFO][2017-08-23 08:48:07,667][org.springframework.web.context.support.XmlWebApplicationContext]Refreshing Root WebApplicationContext: startup date [Wed Aug 23 08:48:07 CST 2017]; root of context hierarchy
[INFO][2017-08-23 08:48:07,717][org.springframework.beans.factory.xml.XmlBeanDefinitionReader]Loading XML bean definitions from class path resource [applicationContext.xml]
[INFO][2017-08-23 08:48:08,443][org.springframework.context.support.PropertySourcesPlaceholderConfigurer]Loading properties file from class path resource [jdbc.properties]
[INFO][2017-08-23 08:48:08,457][org.springframework.beans.factory.annotation.AutowiredAnnotationBeanPostProcessor]JSR-330 'javax.inject.Inject' annotation found and supported for autowiring
[INFO][2017-08-23 08:48:08,994][org.hibernate.annotations.common.Version]HCANN000001: Hibernate Commons Annotations {4.0.2.Final}
[INFO][2017-08-23 08:48:09,001][org.hibernate.Version]HHH000412: Hibernate Core {4.2.4.Final}
[INFO][2017-08-23 08:48:09,004][org.hibernate.cfg.Environment]HHH000206: hibernate.properties not found
[INFO][2017-08-23 08:48:09,006][org.hibernate.cfg.Environment]HHH000021: Bytecode provider name : javassist
[INFO][2017-08-23 08:48:09,484][org.hibernate.dialect.Dialect]HHH000400: Using dialect: org.hibernate.dialect.MySQLDialect
[INFO][2017-08-23 08:48:09,496][org.hibernate.engine.jdbc.internal.LobCreatorBuilder]HHH000423: Disabling contextual LOB creation as JDBC driver reported JDBC version [3] less than 4
[INFO][2017-08-23 08:48:09,690][org.hibernate.engine.transaction.internal.TransactionFactoryInitiator]HHH000399: Using default transaction strategy (direct JDBC transactions)
[INFO][2017-08-23 08:48:09,697][org.hibernate.hql.internal.ast.ASTQueryTranslatorFactory]HHH000397: Using ASTQueryTranslatorFactory
[INFO][2017-08-23 08:48:10,026][org.hibernate.tool.hbm2ddl.SchemaUpdate]HHH000228: Running hbm2ddl schema update
[INFO][2017-08-23 08:48:10,026][org.hibernate.tool.hbm2ddl.SchemaUpdate]HHH000102: Fetching database metadata
[INFO][2017-08-23 08:48:10,035][org.hibernate.tool.hbm2ddl.SchemaUpdate]HHH000396: Updating schema
[INFO][2017-08-23 08:48:10,067][org.hibernate.tool.hbm2ddl.TableMetadata]HHH000261: Table found: title.t_discuss
[INFO][2017-08-23 08:48:10,069][org.hibernate.tool.hbm2ddl.TableMetadata]HHH000037: Columns: [di_spare, di_averageb, di_id, di_averagea, di_averagec, di_rank, pa_id]
[INFO][2017-08-23 08:48:10,072][org.hibernate.tool.hbm2ddl.TableMetadata]HHH000108: Foreign keys: [fk_o43dpyj04txv7o88gjmbc8t2m]
[INFO][2017-08-23 08:48:10,073][org.hibernate.tool.hbm2ddl.TableMetadata]HHH000126: Indexes: [fk_o43dpyj04txv7o88gjmbc8t2m, primary]
[INFO][2017-08-23 08:48:10,078][org.hibernate.tool.hbm2ddl.TableMetadata]HHH000261: Table found: title.t_expert
[INFO][2017-08-23 08:48:10,079][org.hibernate.tool.hbm2ddl.TableMetadata]HHH000037: Columns: [ex_id, ex_password, ex_username, un_id, ti_id, ex_education, ex_spare, maj_id, ex_name]
[INFO][2017-08-23 08:48:10,079][org.hibernate.tool.hbm2ddl.TableMetadata]HHH000108: Foreign keys: [fk_1w4r5owpwmwmr371nbwjs1vl, fk_4c0b2f22tknlum9j0bvoq7ewj, fk_gkwam6i5rscke5ayf5vdnh402]
[INFO][2017-08-23 08:48:10,079][org.hibernate.tool.hbm2ddl.TableMetadata]HHH000126: Indexes: [fk_1w4r5owpwmwmr371nbwjs1vl, fk_4c0b2f22tknlum9j0bvoq7ewj, primary, fk_gkwam6i5rscke5ayf5vdnh402]
[INFO][2017-08-23 08:48:10,083][org.hibernate.tool.hbm2ddl.TableMetadata]HHH000261: Table found: title.t_majors
[INFO][2017-08-23 08:48:10,083][org.hibernate.tool.hbm2ddl.TableMetadata]HHH000037: Columns: [maj_majorname, maj_spare, maj_id]
[INFO][2017-08-23 08:48:10,083][org.hibernate.tool.hbm2ddl.TableMetadata]HHH000108: Foreign keys: []
[INFO][2017-08-23 08:48:10,084][org.hibernate.tool.hbm2ddl.TableMetadata]HHH000126: Indexes: [primary]
[INFO][2017-08-23 08:48:10,088][org.hibernate.tool.hbm2ddl.TableMetadata]HHH000261: Table found: title.t_manager
[INFO][2017-08-23 08:48:10,088][org.hibernate.tool.hbm2ddl.TableMetadata]HHH000037: Columns: [ma_username, ma_password, ma_id, ma_name, ma_spare]
[INFO][2017-08-23 08:48:10,088][org.hibernate.tool.hbm2ddl.TableMetadata]HHH000108: Foreign keys: []
[INFO][2017-08-23 08:48:10,088][org.hibernate.tool.hbm2ddl.TableMetadata]HHH000126: Indexes: [primary]
[INFO][2017-08-23 08:48:10,093][org.hibernate.tool.hbm2ddl.TableMetadata]HHH000261: Table found: title.t_notice
[INFO][2017-08-23 08:48:10,093][org.hibernate.tool.hbm2ddl.TableMetadata]HHH000037: Columns: [no_managername, no_spare, no_content, no_id, no_head, no_issuedata]
[INFO][2017-08-23 08:48:10,093][org.hibernate.tool.hbm2ddl.TableMetadata]HHH000108: Foreign keys: []
[INFO][2017-08-23 08:48:10,093][org.hibernate.tool.hbm2ddl.TableMetadata]HHH000126: Indexes: [primary]
[INFO][2017-08-23 08:48:10,098][org.hibernate.tool.hbm2ddl.TableMetadata]HHH000261: Table found: title.t_participator
[INFO][2017-08-23 08:48:10,099][org.hibernate.tool.hbm2ddl.TableMetadata]HHH000037: Columns: [un_id, ti_id, pa_name, pa_imageurl, pa_introduce, pa_spare, maj_id, pa_id]
[INFO][2017-08-23 08:48:10,099][org.hibernate.tool.hbm2ddl.TableMetadata]HHH000108: Foreign keys: [fk_d7qgwuftf6iayfalha4wipcsp, fk_g4is57rxjh0kwvtjp27vak8vc, fk_kxbqnbhjcf3oc196cgave7yo9]
[INFO][2017-08-23 08:48:10,099][org.hibernate.tool.hbm2ddl.TableMetadata]HHH000126: Indexes: [fk_d7qgwuftf6iayfalha4wipcsp, fk_g4is57rxjh0kwvtjp27vak8vc, fk_kxbqnbhjcf3oc196cgave7yo9, primary]
[INFO][2017-08-23 08:48:10,104][org.hibernate.tool.hbm2ddl.TableMetadata]HHH000261: Table found: title.t_record
[INFO][2017-08-23 08:48:10,105][org.hibernate.tool.hbm2ddl.TableMetadata]HHH000037: Columns: [ex_id, re_id, re_morality, re_educate, di_id, re_scientific, re_spare, re_score, re_unfm, pa_id]
[INFO][2017-08-23 08:48:10,105][org.hibernate.tool.hbm2ddl.TableMetadata]HHH000108: Foreign keys: [fk_pu5h32pu2oyqbliwdt76ujmfv, fk_98dxcu9bc45li1imf5jjtnv48, fk_8xqmio30bo2q6vntil5i3bo42]
[INFO][2017-08-23 08:48:10,105][org.hibernate.tool.hbm2ddl.TableMetadata]HHH000126: Indexes: [fk_pu5h32pu2oyqbliwdt76ujmfv, fk_98dxcu9bc45li1imf5jjtnv48, primary, fk_8xqmio30bo2q6vntil5i3bo42]
[INFO][2017-08-23 08:48:10,110][org.hibernate.tool.hbm2ddl.TableMetadata]HHH000261: Table found: title.t_require
[INFO][2017-08-23 08:48:10,110][org.hibernate.tool.hbm2ddl.TableMetadata]HHH000037: Columns: [re_id, re_morality, re_educate, ti_id, re_scientific, re_spare]
[INFO][2017-08-23 08:48:10,110][org.hibernate.tool.hbm2ddl.TableMetadata]HHH000108: Foreign keys: [fk_md58jsptfpgf6fte8u1cxwxch]
[INFO][2017-08-23 08:48:10,110][org.hibernate.tool.hbm2ddl.TableMetadata]HHH000126: Indexes: [fk_md58jsptfpgf6fte8u1cxwxch, primary]
[INFO][2017-08-23 08:48:10,114][org.hibernate.tool.hbm2ddl.TableMetadata]HHH000261: Table found: title.t_title
[INFO][2017-08-23 08:48:10,114][org.hibernate.tool.hbm2ddl.TableMetadata]HHH000037: Columns: [ti_titlename, ti_id, ti_spare]
[INFO][2017-08-23 08:48:10,115][org.hibernate.tool.hbm2ddl.TableMetadata]HHH000108: Foreign keys: []
[INFO][2017-08-23 08:48:10,115][org.hibernate.tool.hbm2ddl.TableMetadata]HHH000126: Indexes: [primary]
[INFO][2017-08-23 08:48:10,119][org.hibernate.tool.hbm2ddl.TableMetadata]HHH000261: Table found: title.t_unit
[INFO][2017-08-23 08:48:10,119][org.hibernate.tool.hbm2ddl.TableMetadata]HHH000037: Columns: [un_id, un_unitname, un_spare]
[INFO][2017-08-23 08:48:10,119][org.hibernate.tool.hbm2ddl.TableMetadata]HHH000108: Foreign keys: []
[INFO][2017-08-23 08:48:10,119][org.hibernate.tool.hbm2ddl.TableMetadata]HHH000126: Indexes: [primary]
[INFO][2017-08-23 08:48:10,121][org.hibernate.tool.hbm2ddl.SchemaUpdate]HHH000232: Schema update complete
[INFO][2017-08-23 08:48:10,219][org.springframework.orm.hibernate4.HibernateTransactionManager]Using DataSource [org.apache.commons.dbcp.BasicDataSource@ed87f7d] of Hibernate SessionFactory for HibernateTransactionManager
[INFO][2017-08-23 08:48:10,515][org.springframework.web.context.ContextLoader]Root WebApplicationContext: initialization completed in 2975 ms
[INFO][2017-08-23 08:48:10,805][com.opensymphony.xwork2.config.providers.XmlConfigurationProvider]Parsing configuration file [struts-default.xml]
[INFO][2017-08-23 08:48:10,882][com.opensymphony.xwork2.config.providers.XmlConfigurationProvider]Parsing configuration file [struts-plugin.xml]
[INFO][2017-08-23 08:48:10,918][com.opensymphony.xwork2.config.providers.XmlConfigurationProvider]Parsing configuration file [struts.xml]
[INFO][2017-08-23 08:48:10,922][org.apache.struts2.config.AbstractBeanSelectionProvider]Choosing bean (spring) for (com.opensymphony.xwork2.ObjectFactory)
[INFO][2017-08-23 08:48:10,922][org.apache.struts2.config.AbstractBeanSelectionProvider]Choosing bean (struts) for (com.opensymphony.xwork2.factory.ActionFactory)
[INFO][2017-08-23 08:48:10,922][org.apache.struts2.config.AbstractBeanSelectionProvider]Choosing bean (struts) for (com.opensymphony.xwork2.factory.ResultFactory)
[INFO][2017-08-23 08:48:10,923][org.apache.struts2.config.AbstractBeanSelectionProvider]Choosing bean (struts) for (com.opensymphony.xwork2.factory.ConverterFactory)
[INFO][2017-08-23 08:48:10,923][org.apache.struts2.config.AbstractBeanSelectionProvider]Choosing bean (struts) for (com.opensymphony.xwork2.factory.InterceptorFactory)
[INFO][2017-08-23 08:48:10,923][org.apache.struts2.config.AbstractBeanSelectionProvider]Choosing bean (struts) for (com.opensymphony.xwork2.factory.ValidatorFactory)
[INFO][2017-08-23 08:48:10,923][org.apache.struts2.config.AbstractBeanSelectionProvider]Choosing bean (struts) for (com.opensymphony.xwork2.factory.UnknownHandlerFactory)
[INFO][2017-08-23 08:48:10,923][org.apache.struts2.config.AbstractBeanSelectionProvider]Choosing bean (struts) for (com.opensymphony.xwork2.FileManagerFactory)
[INFO][2017-08-23 08:48:10,923][org.apache.struts2.config.AbstractBeanSelectionProvider]Choosing bean (struts) for (com.opensymphony.xwork2.conversion.impl.XWorkConverter)
[INFO][2017-08-23 08:48:10,924][org.apache.struts2.config.AbstractBeanSelectionProvider]Choosing bean (struts) for (com.opensymphony.xwork2.conversion.impl.CollectionConverter)
[INFO][2017-08-23 08:48:10,924][org.apache.struts2.config.AbstractBeanSelectionProvider]Choosing bean (struts) for (com.opensymphony.xwork2.conversion.impl.ArrayConverter)
[INFO][2017-08-23 08:48:10,924][org.apache.struts2.config.AbstractBeanSelectionProvider]Choosing bean (struts) for (com.opensymphony.xwork2.conversion.impl.DateConverter)
[INFO][2017-08-23 08:48:10,924][org.apache.struts2.config.AbstractBeanSelectionProvider]Choosing bean (struts) for (com.opensymphony.xwork2.conversion.impl.NumberConverter)
[INFO][2017-08-23 08:48:10,924][org.apache.struts2.config.AbstractBeanSelectionProvider]Choosing bean (struts) for (com.opensymphony.xwork2.conversion.impl.StringConverter)
[INFO][2017-08-23 08:48:10,924][org.apache.struts2.config.AbstractBeanSelectionProvider]Choosing bean (struts) for (com.opensymphony.xwork2.conversion.ConversionPropertiesProcessor)
[INFO][2017-08-23 08:48:10,924][org.apache.struts2.config.AbstractBeanSelectionProvider]Choosing bean (struts) for (com.opensymphony.xwork2.conversion.ConversionFileProcessor)
[INFO][2017-08-23 08:48:10,925][org.apache.struts2.config.AbstractBeanSelectionProvider]Choosing bean (struts) for (com.opensymphony.xwork2.conversion.ConversionAnnotationProcessor)
[INFO][2017-08-23 08:48:10,925][org.apache.struts2.config.AbstractBeanSelectionProvider]Choosing bean (struts) for (com.opensymphony.xwork2.conversion.TypeConverterCreator)
[INFO][2017-08-23 08:48:10,925][org.apache.struts2.config.AbstractBeanSelectionProvider]Choosing bean (struts) for (com.opensymphony.xwork2.conversion.TypeConverterHolder)
[INFO][2017-08-23 08:48:10,925][org.apache.struts2.config.AbstractBeanSelectionProvider]Choosing bean (struts) for (com.opensymphony.xwork2.TextProvider)
[INFO][2017-08-23 08:48:10,925][org.apache.struts2.config.AbstractBeanSelectionProvider]Choosing bean (struts) for (com.opensymphony.xwork2.LocaleProvider)
[INFO][2017-08-23 08:48:10,926][org.apache.struts2.config.AbstractBeanSelectionProvider]Choosing bean (struts) for (com.opensymphony.xwork2.ActionProxyFactory)
[INFO][2017-08-23 08:48:10,926][org.apache.struts2.config.AbstractBeanSelectionProvider]Choosing bean (struts) for (com.opensymphony.xwork2.conversion.ObjectTypeDeterminer)
[INFO][2017-08-23 08:48:10,926][org.apache.struts2.config.AbstractBeanSelectionProvider]Choosing bean (struts) for (org.apache.struts2.dispatcher.mapper.ActionMapper)
[INFO][2017-08-23 08:48:10,926][org.apache.struts2.config.AbstractBeanSelectionProvider]Choosing bean (jakarta) for (org.apache.struts2.dispatcher.multipart.MultiPartRequest)
[INFO][2017-08-23 08:48:10,926][org.apache.struts2.config.AbstractBeanSelectionProvider]Choosing bean (struts) for (org.apache.struts2.views.freemarker.FreemarkerManager)
[INFO][2017-08-23 08:48:10,928][org.apache.struts2.config.AbstractBeanSelectionProvider]Choosing bean (struts) for (org.apache.struts2.components.UrlRenderer)
[INFO][2017-08-23 08:48:10,929][org.apache.struts2.config.AbstractBeanSelectionProvider]Choosing bean (struts) for (com.opensymphony.xwork2.validator.ActionValidatorManager)
[INFO][2017-08-23 08:48:10,929][org.apache.struts2.config.AbstractBeanSelectionProvider]Choosing bean (struts) for (com.opensymphony.xwork2.util.ValueStackFactory)
[INFO][2017-08-23 08:48:10,929][org.apache.struts2.config.AbstractBeanSelectionProvider]Choosing bean (struts) for (com.opensymphony.xwork2.util.reflection.ReflectionProvider)
[INFO][2017-08-23 08:48:10,929][org.apache.struts2.config.AbstractBeanSelectionProvider]Choosing bean (struts) for (com.opensymphony.xwork2.util.reflection.ReflectionContextFactory)
[INFO][2017-08-23 08:48:10,929][org.apache.struts2.config.AbstractBeanSelectionProvider]Choosing bean (struts) for (com.opensymphony.xwork2.util.PatternMatcher)
[INFO][2017-08-23 08:48:10,929][org.apache.struts2.config.AbstractBeanSelectionProvider]Choosing bean (struts) for (org.apache.struts2.util.ContentTypeMatcher)
[INFO][2017-08-23 08:48:10,929][org.apache.struts2.config.AbstractBeanSelectionProvider]Choosing bean (struts) for (org.apache.struts2.dispatcher.StaticContentLoader)
[INFO][2017-08-23 08:48:10,930][org.apache.struts2.config.AbstractBeanSelectionProvider]Choosing bean (struts) for (com.opensymphony.xwork2.UnknownHandlerManager)
[INFO][2017-08-23 08:48:10,930][org.apache.struts2.config.AbstractBeanSelectionProvider]Choosing bean (struts) for (org.apache.struts2.views.util.UrlHelper)
[INFO][2017-08-23 08:48:10,930][org.apache.struts2.config.AbstractBeanSelectionProvider]Choosing bean (struts) for (com.opensymphony.xwork2.util.TextParser)
[INFO][2017-08-23 08:48:10,930][org.apache.struts2.config.AbstractBeanSelectionProvider]Choosing bean (struts) for (org.apache.struts2.dispatcher.DispatcherErrorHandler)
[INFO][2017-08-23 08:48:10,930][org.apache.struts2.config.AbstractBeanSelectionProvider]Choosing bean (struts) for (com.opensymphony.xwork2.security.ExcludedPatternsChecker)
[INFO][2017-08-23 08:48:10,931][org.apache.struts2.config.AbstractBeanSelectionProvider]Choosing bean (struts) for (com.opensymphony.xwork2.security.AcceptedPatternsChecker)
[INFO][2017-08-23 08:48:10,947][org.apache.struts2.spring.StrutsSpringObjectFactory]Initializing Struts-Spring integration...
[INFO][2017-08-23 08:48:10,947][com.opensymphony.xwork2.spring.SpringObjectFactory]Setting autowire strategy to name
[INFO][2017-08-23 08:48:10,947][org.apache.struts2.spring.StrutsSpringObjectFactory]... initialized Struts-Spring integration successfully
[INFO][2017-08-23 09:41:33,400][org.springframework.web.context.support.XmlWebApplicationContext]Closing Root WebApplicationContext: startup date [Wed Aug 23 08:48:07 CST 2017]; root of context hierarchy
[INFO][2017-08-23 09:41:47,075][org.springframework.web.context.ContextLoader]Root WebApplicationContext: initialization started
[INFO][2017-08-23 09:41:47,189][org.springframework.web.context.support.XmlWebApplicationContext]Refreshing Root WebApplicationContext: startup date [Wed Aug 23 09:41:47 CST 2017]; root of context hierarchy
[INFO][2017-08-23 09:41:47,240][org.springframework.beans.factory.xml.XmlBeanDefinitionReader]Loading XML bean definitions from class path resource [applicationContext.xml]
[INFO][2017-08-23 09:41:48,167][org.springframework.context.support.PropertySourcesPlaceholderConfigurer]Loading properties file from class path resource [jdbc.properties]
[INFO][2017-08-23 09:41:48,180][org.springframework.beans.factory.annotation.AutowiredAnnotationBeanPostProcessor]JSR-330 'javax.inject.Inject' annotation found and supported for autowiring
[INFO][2017-08-23 09:41:48,715][org.hibernate.annotations.common.Version]HCANN000001: Hibernate Commons Annotations {4.0.2.Final}
[INFO][2017-08-23 09:41:48,722][org.hibernate.Version]HHH000412: Hibernate Core {4.2.4.Final}
[INFO][2017-08-23 09:41:48,724][org.hibernate.cfg.Environment]HHH000206: hibernate.properties not found
[INFO][2017-08-23 09:41:48,726][org.hibernate.cfg.Environment]HHH000021: Bytecode provider name : javassist
[INFO][2017-08-23 09:41:49,227][org.hibernate.dialect.Dialect]HHH000400: Using dialect: org.hibernate.dialect.MySQLDialect
[INFO][2017-08-23 09:41:49,236][org.hibernate.engine.jdbc.internal.LobCreatorBuilder]HHH000423: Disabling contextual LOB creation as JDBC driver reported JDBC version [3] less than 4
[INFO][2017-08-23 09:41:49,466][org.hibernate.engine.transaction.internal.TransactionFactoryInitiator]HHH000399: Using default transaction strategy (direct JDBC transactions)
[INFO][2017-08-23 09:41:49,478][org.hibernate.hql.internal.ast.ASTQueryTranslatorFactory]HHH000397: Using ASTQueryTranslatorFactory
[INFO][2017-08-23 09:41:49,803][org.hibernate.tool.hbm2ddl.SchemaUpdate]HHH000228: Running hbm2ddl schema update
[INFO][2017-08-23 09:41:49,803][org.hibernate.tool.hbm2ddl.SchemaUpdate]HHH000102: Fetching database metadata
[INFO][2017-08-23 09:41:49,807][org.hibernate.tool.hbm2ddl.SchemaUpdate]HHH000396: Updating schema
[INFO][2017-08-23 09:41:49,832][org.hibernate.tool.hbm2ddl.TableMetadata]HHH000261: Table found: title.t_discuss
[INFO][2017-08-23 09:41:49,832][org.hibernate.tool.hbm2ddl.TableMetadata]HHH000037: Columns: [di_spare, di_averageb, di_id, di_averagea, di_averagec, di_rank, pa_id]
[INFO][2017-08-23 09:41:49,832][org.hibernate.tool.hbm2ddl.TableMetadata]HHH000108: Foreign keys: [fk_o43dpyj04txv7o88gjmbc8t2m]
[INFO][2017-08-23 09:41:49,832][org.hibernate.tool.hbm2ddl.TableMetadata]HHH000126: Indexes: [fk_o43dpyj04txv7o88gjmbc8t2m, primary]
[INFO][2017-08-23 09:41:49,837][org.hibernate.tool.hbm2ddl.TableMetadata]HHH000261: Table found: title.t_expert
[INFO][2017-08-23 09:41:49,837][org.hibernate.tool.hbm2ddl.TableMetadata]HHH000037: Columns: [ex_id, ex_password, ex_username, un_id, ti_id, ex_education, ex_spare, maj_id, ex_name]
[INFO][2017-08-23 09:41:49,837][org.hibernate.tool.hbm2ddl.TableMetadata]HHH000108: Foreign keys: [fk_1w4r5owpwmwmr371nbwjs1vl, fk_4c0b2f22tknlum9j0bvoq7ewj, fk_gkwam6i5rscke5ayf5vdnh402]
[INFO][2017-08-23 09:41:49,837][org.hibernate.tool.hbm2ddl.TableMetadata]HHH000126: Indexes: [fk_1w4r5owpwmwmr371nbwjs1vl, fk_4c0b2f22tknlum9j0bvoq7ewj, primary, fk_gkwam6i5rscke5ayf5vdnh402]
[INFO][2017-08-23 09:41:49,840][org.hibernate.tool.hbm2ddl.TableMetadata]HHH000261: Table found: title.t_majors
[INFO][2017-08-23 09:41:49,841][org.hibernate.tool.hbm2ddl.TableMetadata]HHH000037: Columns: [maj_majorname, maj_spare, maj_id]
[INFO][2017-08-23 09:41:49,841][org.hibernate.tool.hbm2ddl.TableMetadata]HHH000108: Foreign keys: []
[INFO][2017-08-23 09:41:49,841][org.hibernate.tool.hbm2ddl.TableMetadata]HHH000126: Indexes: [primary]
[INFO][2017-08-23 09:41:49,850][org.hibernate.tool.hbm2ddl.TableMetadata]HHH000261: Table found: title.t_manager
[INFO][2017-08-23 09:41:49,850][org.hibernate.tool.hbm2ddl.TableMetadata]HHH000037: Columns: [ma_username, ma_password, ma_id, ma_name, ma_spare]
[INFO][2017-08-23 09:41:49,850][org.hibernate.tool.hbm2ddl.TableMetadata]HHH000108: Foreign keys: []
[INFO][2017-08-23 09:41:49,850][org.hibernate.tool.hbm2ddl.TableMetadata]HHH000126: Indexes: [primary]
[INFO][2017-08-23 09:41:49,858][org.hibernate.tool.hbm2ddl.TableMetadata]HHH000261: Table found: title.t_notice
[INFO][2017-08-23 09:41:49,858][org.hibernate.tool.hbm2ddl.TableMetadata]HHH000037: Columns: [no_managername, no_spare, no_content, no_id, no_head, no_issuedata]
[INFO][2017-08-23 09:41:49,859][org.hibernate.tool.hbm2ddl.TableMetadata]HHH000108: Foreign keys: []
[INFO][2017-08-23 09:41:49,859][org.hibernate.tool.hbm2ddl.TableMetadata]HHH000126: Indexes: [primary]
[INFO][2017-08-23 09:41:49,863][org.hibernate.tool.hbm2ddl.TableMetadata]HHH000261: Table found: title.t_participator
[INFO][2017-08-23 09:41:49,863][org.hibernate.tool.hbm2ddl.TableMetadata]HHH000037: Columns: [pa_email, un_id, ti_id, pa_name, pa_imageurl, pa_introduce, pa_spare, maj_id, pa_id]
[INFO][2017-08-23 09:41:49,863][org.hibernate.tool.hbm2ddl.TableMetadata]HHH000108: Foreign keys: [fk_d7qgwuftf6iayfalha4wipcsp, fk_g4is57rxjh0kwvtjp27vak8vc, fk_kxbqnbhjcf3oc196cgave7yo9]
[INFO][2017-08-23 09:41:49,863][org.hibernate.tool.hbm2ddl.TableMetadata]HHH000126: Indexes: [fk_d7qgwuftf6iayfalha4wipcsp, fk_g4is57rxjh0kwvtjp27vak8vc, fk_kxbqnbhjcf3oc196cgave7yo9, primary]
[INFO][2017-08-23 09:41:49,868][org.hibernate.tool.hbm2ddl.TableMetadata]HHH000261: Table found: title.t_record
[INFO][2017-08-23 09:41:49,868][org.hibernate.tool.hbm2ddl.TableMetadata]HHH000037: Columns: [ex_id, re_id, re_morality, re_educate, di_id, re_scientific, re_spare, re_score, re_unfm, pa_id]
[INFO][2017-08-23 09:41:49,868][org.hibernate.tool.hbm2ddl.TableMetadata]HHH000108: Foreign keys: [fk_pu5h32pu2oyqbliwdt76ujmfv, fk_98dxcu9bc45li1imf5jjtnv48, fk_8xqmio30bo2q6vntil5i3bo42]
[INFO][2017-08-23 09:41:49,868][org.hibernate.tool.hbm2ddl.TableMetadata]HHH000126: Indexes: [fk_pu5h32pu2oyqbliwdt76ujmfv, fk_98dxcu9bc45li1imf5jjtnv48, primary, fk_8xqmio30bo2q6vntil5i3bo42]
[INFO][2017-08-23 09:41:49,873][org.hibernate.tool.hbm2ddl.TableMetadata]HHH000261: Table found: title.t_require
[INFO][2017-08-23 09:41:49,873][org.hibernate.tool.hbm2ddl.TableMetadata]HHH000037: Columns: [re_id, re_morality, re_educate, ti_id, re_scientific, re_spare]
[INFO][2017-08-23 09:41:49,873][org.hibernate.tool.hbm2ddl.TableMetadata]HHH000108: Foreign keys: [fk_md58jsptfpgf6fte8u1cxwxch]
[INFO][2017-08-23 09:41:49,873][org.hibernate.tool.hbm2ddl.TableMetadata]HHH000126: Indexes: [fk_md58jsptfpgf6fte8u1cxwxch, primary]
[INFO][2017-08-23 09:41:49,876][org.hibernate.tool.hbm2ddl.TableMetadata]HHH000261: Table found: title.t_title
[INFO][2017-08-23 09:41:49,876][org.hibernate.tool.hbm2ddl.TableMetadata]HHH000037: Columns: [ti_titlename, ti_id, ti_spare]
[INFO][2017-08-23 09:41:49,876][org.hibernate.tool.hbm2ddl.TableMetadata]HHH000108: Foreign keys: []
[INFO][2017-08-23 09:41:49,876][org.hibernate.tool.hbm2ddl.TableMetadata]HHH000126: Indexes: [primary]
[INFO][2017-08-23 09:41:49,880][org.hibernate.tool.hbm2ddl.TableMetadata]HHH000261: Table found: title.t_unit
[INFO][2017-08-23 09:41:49,880][org.hibernate.tool.hbm2ddl.TableMetadata]HHH000037: Columns: [un_id, un_unitname, un_spare]
[INFO][2017-08-23 09:41:49,880][org.hibernate.tool.hbm2ddl.TableMetadata]HHH000108: Foreign keys: []
[INFO][2017-08-23 09:41:49,880][org.hibernate.tool.hbm2ddl.TableMetadata]HHH000126: Indexes: [primary]
[INFO][2017-08-23 09:41:49,883][org.hibernate.tool.hbm2ddl.SchemaUpdate]HHH000232: Schema update complete
[INFO][2017-08-23 09:41:50,019][org.springframework.orm.hibernate4.HibernateTransactionManager]Using DataSource [org.apache.commons.dbcp.BasicDataSource@309998de] of Hibernate SessionFactory for HibernateTransactionManager
[INFO][2017-08-23 09:41:50,169][org.springframework.web.context.ContextLoader]Root WebApplicationContext: initialization completed in 3093 ms
[INFO][2017-08-23 09:41:50,431][com.opensymphony.xwork2.config.providers.XmlConfigurationProvider]Parsing configuration file [struts-default.xml]
[INFO][2017-08-23 09:41:50,519][com.opensymphony.xwork2.config.providers.XmlConfigurationProvider]Parsing configuration file [struts-plugin.xml]
[INFO][2017-08-23 09:41:50,570][com.opensymphony.xwork2.config.providers.XmlConfigurationProvider]Parsing configuration file [struts.xml]
[INFO][2017-08-23 09:41:50,573][org.apache.struts2.config.AbstractBeanSelectionProvider]Choosing bean (spring) for (com.opensymphony.xwork2.ObjectFactory)
[INFO][2017-08-23 09:41:50,573][org.apache.struts2.config.AbstractBeanSelectionProvider]Choosing bean (struts) for (com.opensymphony.xwork2.factory.ActionFactory)
[INFO][2017-08-23 09:41:50,573][org.apache.struts2.config.AbstractBeanSelectionProvider]Choosing bean (struts) for (com.opensymphony.xwork2.factory.ResultFactory)
[INFO][2017-08-23 09:41:50,573][org.apache.struts2.config.AbstractBeanSelectionProvider]Choosing bean (struts) for (com.opensymphony.xwork2.factory.ConverterFactory)
[INFO][2017-08-23 09:41:50,573][org.apache.struts2.config.AbstractBeanSelectionProvider]Choosing bean (struts) for (com.opensymphony.xwork2.factory.InterceptorFactory)
[INFO][2017-08-23 09:41:50,574][org.apache.struts2.config.AbstractBeanSelectionProvider]Choosing bean (struts) for (com.opensymphony.xwork2.factory.ValidatorFactory)
[INFO][2017-08-23 09:41:50,574][org.apache.struts2.config.AbstractBeanSelectionProvider]Choosing bean (struts) for (com.opensymphony.xwork2.factory.UnknownHandlerFactory)
[INFO][2017-08-23 09:41:50,574][org.apache.struts2.config.AbstractBeanSelectionProvider]Choosing bean (struts) for (com.opensymphony.xwork2.FileManagerFactory)
[INFO][2017-08-23 09:41:50,574][org.apache.struts2.config.AbstractBeanSelectionProvider]Choosing bean (struts) for (com.opensymphony.xwork2.conversion.impl.XWorkConverter)
[INFO][2017-08-23 09:41:50,574][org.apache.struts2.config.AbstractBeanSelectionProvider]Choosing bean (struts) for (com.opensymphony.xwork2.conversion.impl.CollectionConverter)
[INFO][2017-08-23 09:41:50,574][org.apache.struts2.config.AbstractBeanSelectionProvider]Choosing bean (struts) for (com.opensymphony.xwork2.conversion.impl.ArrayConverter)
[INFO][2017-08-23 09:41:50,574][org.apache.struts2.config.AbstractBeanSelectionProvider]Choosing bean (struts) for (com.opensymphony.xwork2.conversion.impl.DateConverter)
[INFO][2017-08-23 09:41:50,574][org.apache.struts2.config.AbstractBeanSelectionProvider]Choosing bean (struts) for (com.opensymphony.xwork2.conversion.impl.NumberConverter)
[INFO][2017-08-23 09:41:50,574][org.apache.struts2.config.AbstractBeanSelectionProvider]Choosing bean (struts) for (com.opensymphony.xwork2.conversion.impl.StringConverter)
[INFO][2017-08-23 09:41:50,574][org.apache.struts2.config.AbstractBeanSelectionProvider]Choosing bean (struts) for (com.opensymphony.xwork2.conversion.ConversionPropertiesProcessor)
[INFO][2017-08-23 09:41:50,575][org.apache.struts2.config.AbstractBeanSelectionProvider]Choosing bean (struts) for (com.opensymphony.xwork2.conversion.ConversionFileProcessor)
[INFO][2017-08-23 09:41:50,575][org.apache.struts2.config.AbstractBeanSelectionProvider]Choosing bean (struts) for (com.opensymphony.xwork2.conversion.ConversionAnnotationProcessor)
[INFO][2017-08-23 09:41:50,575][org.apache.struts2.config.AbstractBeanSelectionProvider]Choosing bean (struts) for (com.opensymphony.xwork2.conversion.TypeConverterCreator)
[INFO][2017-08-23 09:41:50,575][org.apache.struts2.config.AbstractBeanSelectionProvider]Choosing bean (struts) for (com.opensymphony.xwork2.conversion.TypeConverterHolder)
[INFO][2017-08-23 09:41:50,575][org.apache.struts2.config.AbstractBeanSelectionProvider]Choosing bean (struts) for (com.opensymphony.xwork2.TextProvider)
[INFO][2017-08-23 09:41:50,575][org.apache.struts2.config.AbstractBeanSelectionProvider]Choosing bean (struts) for (com.opensymphony.xwork2.LocaleProvider)
[INFO][2017-08-23 09:41:50,575][org.apache.struts2.config.AbstractBeanSelectionProvider]Choosing bean (struts) for (com.opensymphony.xwork2.ActionProxyFactory)
[INFO][2017-08-23 09:41:50,576][org.apache.struts2.config.AbstractBeanSelectionProvider]Choosing bean (struts) for (com.opensymphony.xwork2.conversion.ObjectTypeDeterminer)
[INFO][2017-08-23 09:41:50,576][org.apache.struts2.config.AbstractBeanSelectionProvider]Choosing bean (struts) for (org.apache.struts2.dispatcher.mapper.ActionMapper)
[INFO][2017-08-23 09:41:50,576][org.apache.struts2.config.AbstractBeanSelectionProvider]Choosing bean (jakarta) for (org.apache.struts2.dispatcher.multipart.MultiPartRequest)
[INFO][2017-08-23 09:41:50,576][org.apache.struts2.config.AbstractBeanSelectionProvider]Choosing bean (struts) for (org.apache.struts2.views.freemarker.FreemarkerManager)
[INFO][2017-08-23 09:41:50,577][org.apache.struts2.config.AbstractBeanSelectionProvider]Choosing bean (struts) for (org.apache.struts2.components.UrlRenderer)
[INFO][2017-08-23 09:41:50,578][org.apache.struts2.config.AbstractBeanSelectionProvider]Choosing bean (struts) for (com.opensymphony.xwork2.validator.ActionValidatorManager)
[INFO][2017-08-23 09:41:50,578][org.apache.struts2.config.AbstractBeanSelectionProvider]Choosing bean (struts) for (com.opensymphony.xwork2.util.ValueStackFactory)
[INFO][2017-08-23 09:41:50,578][org.apache.struts2.config.AbstractBeanSelectionProvider]Choosing bean (struts) for (com.opensymphony.xwork2.util.reflection.ReflectionProvider)
[INFO][2017-08-23 09:41:50,578][org.apache.struts2.config.AbstractBeanSelectionProvider]Choosing bean (struts) for (com.opensymphony.xwork2.util.reflection.ReflectionContextFactory)
[INFO][2017-08-23 09:41:50,578][org.apache.struts2.config.AbstractBeanSelectionProvider]Choosing bean (struts) for (com.opensymphony.xwork2.util.PatternMatcher)
[INFO][2017-08-23 09:41:50,578][org.apache.struts2.config.AbstractBeanSelectionProvider]Choosing bean (struts) for (org.apache.struts2.util.ContentTypeMatcher)
[INFO][2017-08-23 09:41:50,578][org.apache.struts2.config.AbstractBeanSelectionProvider]Choosing bean (struts) for (org.apache.struts2.dispatcher.StaticContentLoader)
[INFO][2017-08-23 09:41:50,579][org.apache.struts2.config.AbstractBeanSelectionProvider]Choosing bean (struts) for (com.opensymphony.xwork2.UnknownHandlerManager)
[INFO][2017-08-23 09:41:50,579][org.apache.struts2.config.AbstractBeanSelectionProvider]Choosing bean (struts) for (org.apache.struts2.views.util.UrlHelper)
[INFO][2017-08-23 09:41:50,579][org.apache.struts2.config.AbstractBeanSelectionProvider]Choosing bean (struts) for (com.opensymphony.xwork2.util.TextParser)
[INFO][2017-08-23 09:41:50,579][org.apache.struts2.config.AbstractBeanSelectionProvider]Choosing bean (struts) for (org.apache.struts2.dispatcher.DispatcherErrorHandler)
[INFO][2017-08-23 09:41:50,579][org.apache.struts2.config.AbstractBeanSelectionProvider]Choosing bean (struts) for (com.opensymphony.xwork2.security.ExcludedPatternsChecker)
[INFO][2017-08-23 09:41:50,579][org.apache.struts2.config.AbstractBeanSelectionProvider]Choosing bean (struts) for (com.opensymphony.xwork2.security.AcceptedPatternsChecker)
[INFO][2017-08-23 09:41:50,593][org.apache.struts2.spring.StrutsSpringObjectFactory]Initializing Struts-Spring integration...
[INFO][2017-08-23 09:41:50,593][com.opensymphony.xwork2.spring.SpringObjectFactory]Setting autowire strategy to name
[INFO][2017-08-23 09:41:50,593][org.apache.struts2.spring.StrutsSpringObjectFactory]... initialized Struts-Spring integration successfully
