[INFO][2017-08-14 10:55:26,258][org.springframework.web.context.ContextLoader]Root WebApplicationContext: initialization started
[INFO][2017-08-14 10:55:26,390][org.springframework.web.context.support.XmlWebApplicationContext]Refreshing Root WebApplicationContext: startup date [Mon Aug 14 10:55:26 CST 2017]; root of context hierarchy
[INFO][2017-08-14 10:55:26,441][org.springframework.beans.factory.xml.XmlBeanDefinitionReader]Loading XML bean definitions from class path resource [applicationContext.xml]
[INFO][2017-08-14 10:55:27,229][org.springframework.context.support.PropertySourcesPlaceholderConfigurer]Loading properties file from class path resource [jdbc.properties]
[INFO][2017-08-14 10:55:27,237][org.springframework.beans.factory.annotation.AutowiredAnnotationBeanPostProcessor]JSR-330 'javax.inject.Inject' annotation found and supported for autowiring
[INFO][2017-08-14 10:55:27,732][org.hibernate.Version]HHH000412: Hibernate Core {5.0.6.Final}
[INFO][2017-08-14 10:55:27,734][org.hibernate.cfg.Environment]HHH000206: hibernate.properties not found
[INFO][2017-08-14 10:55:27,736][org.hibernate.cfg.Environment]HHH000021: Bytecode provider name : javassist
[INFO][2017-08-14 10:55:27,784][org.hibernate.annotations.common.Version]HCANN000001: Hibernate Commons Annotations {5.0.1.Final}
[INFO][2017-08-14 10:55:28,258][org.hibernate.dialect.Dialect]HHH000400: Using dialect: org.hibernate.dialect.MySQLDialect
[INFO][2017-08-14 10:55:28,528][org.hibernate.tool.hbm2ddl.SchemaUpdate]HHH000228: Running hbm2ddl schema update
[INFO][2017-08-14 10:55:28,708][org.springframework.web.context.ContextLoader]Root WebApplicationContext: initialization completed in 2448 ms
[INFO][2017-08-14 10:55:28,957][com.opensymphony.xwork2.config.providers.XmlConfigurationProvider]Parsing configuration file [struts-default.xml]
[INFO][2017-08-14 10:55:29,042][com.opensymphony.xwork2.config.providers.XmlConfigurationProvider]Parsing configuration file [struts-plugin.xml]
[INFO][2017-08-14 10:55:29,066][com.opensymphony.xwork2.config.providers.XmlConfigurationProvider]Unable to locate configuration files of the name manage-struts.xml, skipping
[INFO][2017-08-14 10:55:29,067][com.opensymphony.xwork2.config.providers.XmlConfigurationProvider]Parsing configuration file [struts.xml]
[INFO][2017-08-14 10:55:29,070][org.apache.struts2.config.AbstractBeanSelectionProvider]Choosing bean (spring) for (com.opensymphony.xwork2.ObjectFactory)
[INFO][2017-08-14 10:55:29,070][org.apache.struts2.config.AbstractBeanSelectionProvider]Choosing bean (struts) for (com.opensymphony.xwork2.factory.ActionFactory)
[INFO][2017-08-14 10:55:29,073][org.apache.struts2.config.AbstractBeanSelectionProvider]Choosing bean (struts) for (com.opensymphony.xwork2.factory.ResultFactory)
[INFO][2017-08-14 10:55:29,074][org.apache.struts2.config.AbstractBeanSelectionProvider]Choosing bean (struts) for (com.opensymphony.xwork2.factory.ConverterFactory)
[INFO][2017-08-14 10:55:29,074][org.apache.struts2.config.AbstractBeanSelectionProvider]Choosing bean (struts) for (com.opensymphony.xwork2.factory.InterceptorFactory)
[INFO][2017-08-14 10:55:29,074][org.apache.struts2.config.AbstractBeanSelectionProvider]Choosing bean (struts) for (com.opensymphony.xwork2.factory.ValidatorFactory)
[INFO][2017-08-14 10:55:29,074][org.apache.struts2.config.AbstractBeanSelectionProvider]Choosing bean (struts) for (com.opensymphony.xwork2.factory.UnknownHandlerFactory)
[INFO][2017-08-14 10:55:29,074][org.apache.struts2.config.AbstractBeanSelectionProvider]Choosing bean (struts) for (com.opensymphony.xwork2.FileManagerFactory)
[INFO][2017-08-14 10:55:29,074][org.apache.struts2.config.AbstractBeanSelectionProvider]Choosing bean (struts) for (com.opensymphony.xwork2.conversion.impl.XWorkConverter)
[INFO][2017-08-14 10:55:29,074][org.apache.struts2.config.AbstractBeanSelectionProvider]Choosing bean (struts) for (com.opensymphony.xwork2.conversion.impl.CollectionConverter)
[INFO][2017-08-14 10:55:29,074][org.apache.struts2.config.AbstractBeanSelectionProvider]Choosing bean (struts) for (com.opensymphony.xwork2.conversion.impl.ArrayConverter)
[INFO][2017-08-14 10:55:29,074][org.apache.struts2.config.AbstractBeanSelectionProvider]Choosing bean (struts) for (com.opensymphony.xwork2.conversion.impl.DateConverter)
[INFO][2017-08-14 10:55:29,075][org.apache.struts2.config.AbstractBeanSelectionProvider]Choosing bean (struts) for (com.opensymphony.xwork2.conversion.impl.NumberConverter)
[INFO][2017-08-14 10:55:29,075][org.apache.struts2.config.AbstractBeanSelectionProvider]Choosing bean (struts) for (com.opensymphony.xwork2.conversion.impl.StringConverter)
[INFO][2017-08-14 10:55:29,075][org.apache.struts2.config.AbstractBeanSelectionProvider]Choosing bean (struts) for (com.opensymphony.xwork2.conversion.ConversionPropertiesProcessor)
[INFO][2017-08-14 10:55:29,075][org.apache.struts2.config.AbstractBeanSelectionProvider]Choosing bean (struts) for (com.opensymphony.xwork2.conversion.ConversionFileProcessor)
[INFO][2017-08-14 10:55:29,075][org.apache.struts2.config.AbstractBeanSelectionProvider]Choosing bean (struts) for (com.opensymphony.xwork2.conversion.ConversionAnnotationProcessor)
[INFO][2017-08-14 10:55:29,075][org.apache.struts2.config.AbstractBeanSelectionProvider]Choosing bean (struts) for (com.opensymphony.xwork2.conversion.TypeConverterCreator)
[INFO][2017-08-14 10:55:29,079][org.apache.struts2.config.AbstractBeanSelectionProvider]Choosing bean (struts) for (com.opensymphony.xwork2.conversion.TypeConverterHolder)
[INFO][2017-08-14 10:55:29,079][org.apache.struts2.config.AbstractBeanSelectionProvider]Choosing bean (struts) for (com.opensymphony.xwork2.TextProvider)
[INFO][2017-08-14 10:55:29,079][org.apache.struts2.config.AbstractBeanSelectionProvider]Choosing bean (struts) for (com.opensymphony.xwork2.LocaleProvider)
[INFO][2017-08-14 10:55:29,079][org.apache.struts2.config.AbstractBeanSelectionProvider]Choosing bean (struts) for (com.opensymphony.xwork2.ActionProxyFactory)
[INFO][2017-08-14 10:55:29,079][org.apache.struts2.config.AbstractBeanSelectionProvider]Choosing bean (struts) for (com.opensymphony.xwork2.conversion.ObjectTypeDeterminer)
[INFO][2017-08-14 10:55:29,079][org.apache.struts2.config.AbstractBeanSelectionProvider]Choosing bean (struts) for (org.apache.struts2.dispatcher.mapper.ActionMapper)
[INFO][2017-08-14 10:55:29,079][org.apache.struts2.config.AbstractBeanSelectionProvider]Choosing bean (jakarta) for (org.apache.struts2.dispatcher.multipart.MultiPartRequest)
[INFO][2017-08-14 10:55:29,079][org.apache.struts2.config.AbstractBeanSelectionProvider]Choosing bean (struts) for (org.apache.struts2.views.freemarker.FreemarkerManager)
[INFO][2017-08-14 10:55:29,081][org.apache.struts2.config.AbstractBeanSelectionProvider]Choosing bean (struts) for (org.apache.struts2.components.UrlRenderer)
[INFO][2017-08-14 10:55:29,081][org.apache.struts2.config.AbstractBeanSelectionProvider]Choosing bean (struts) for (com.opensymphony.xwork2.validator.ActionValidatorManager)
[INFO][2017-08-14 10:55:29,081][org.apache.struts2.config.AbstractBeanSelectionProvider]Choosing bean (struts) for (com.opensymphony.xwork2.util.ValueStackFactory)
[INFO][2017-08-14 10:55:29,081][org.apache.struts2.config.AbstractBeanSelectionProvider]Choosing bean (struts) for (com.opensymphony.xwork2.util.reflection.ReflectionProvider)
[INFO][2017-08-14 10:55:29,081][org.apache.struts2.config.AbstractBeanSelectionProvider]Choosing bean (struts) for (com.opensymphony.xwork2.util.reflection.ReflectionContextFactory)
[INFO][2017-08-14 10:55:29,081][org.apache.struts2.config.AbstractBeanSelectionProvider]Choosing bean (struts) for (com.opensymphony.xwork2.util.PatternMatcher)
[INFO][2017-08-14 10:55:29,081][org.apache.struts2.config.AbstractBeanSelectionProvider]Choosing bean (struts) for (org.apache.struts2.util.ContentTypeMatcher)
[INFO][2017-08-14 10:55:29,081][org.apache.struts2.config.AbstractBeanSelectionProvider]Choosing bean (struts) for (org.apache.struts2.dispatcher.StaticContentLoader)
[INFO][2017-08-14 10:55:29,081][org.apache.struts2.config.AbstractBeanSelectionProvider]Choosing bean (struts) for (com.opensymphony.xwork2.UnknownHandlerManager)
[INFO][2017-08-14 10:55:29,082][org.apache.struts2.config.AbstractBeanSelectionProvider]Choosing bean (struts) for (org.apache.struts2.views.util.UrlHelper)
[INFO][2017-08-14 10:55:29,082][org.apache.struts2.config.AbstractBeanSelectionProvider]Choosing bean (struts) for (com.opensymphony.xwork2.util.TextParser)
[INFO][2017-08-14 10:55:29,082][org.apache.struts2.config.AbstractBeanSelectionProvider]Choosing bean (struts) for (org.apache.struts2.dispatcher.DispatcherErrorHandler)
[INFO][2017-08-14 10:55:29,087][org.apache.struts2.config.AbstractBeanSelectionProvider]Choosing bean (struts) for (com.opensymphony.xwork2.security.ExcludedPatternsChecker)
[INFO][2017-08-14 10:55:29,087][org.apache.struts2.config.AbstractBeanSelectionProvider]Choosing bean (struts) for (com.opensymphony.xwork2.security.AcceptedPatternsChecker)
[INFO][2017-08-14 10:55:29,105][org.apache.struts2.spring.StrutsSpringObjectFactory]Initializing Struts-Spring integration...
[INFO][2017-08-14 10:55:29,106][com.opensymphony.xwork2.spring.SpringObjectFactory]Setting autowire strategy to name
[INFO][2017-08-14 10:55:29,106][org.apache.struts2.spring.StrutsSpringObjectFactory]... initialized Struts-Spring integration successfully
[WARN][2017-08-14 10:56:26,234][org.apache.struts2.dispatcher.Dispatcher]Could not find action or result: /academictitle/loginAction_login?username=&password=
There is no Action mapped for namespace [/] and action name [loginAction_login] associated with context path [/academictitle]. - [unknown location]
	at com.opensymphony.xwork2.DefaultActionProxy.prepare(DefaultActionProxy.java:185)
	at org.apache.struts2.impl.StrutsActionProxy.prepare(StrutsActionProxy.java:63)
	at org.apache.struts2.impl.StrutsActionProxyFactory.createActionProxy(StrutsActionProxyFactory.java:37)
	at com.opensymphony.xwork2.DefaultActionProxyFactory.createActionProxy(DefaultActionProxyFactory.java:58)
	at org.apache.struts2.dispatcher.Dispatcher.serviceAction(Dispatcher.java:554)
	at org.apache.struts2.dispatcher.ng.ExecuteOperations.executeAction(ExecuteOperations.java:81)
	at org.apache.struts2.dispatcher.ng.filter.StrutsPrepareAndExecuteFilter.doFilter(StrutsPrepareAndExecuteFilter.java:99)
	at org.apache.catalina.core.ApplicationFilterChain.internalDoFilter(ApplicationFilterChain.java:243)
	at org.apache.catalina.core.ApplicationFilterChain.doFilter(ApplicationFilterChain.java:210)
	at org.apache.catalina.core.StandardWrapperValve.invoke(StandardWrapperValve.java:222)
	at org.apache.catalina.core.StandardContextValve.invoke(StandardContextValve.java:123)
	at org.apache.catalina.core.StandardHostValve.invoke(StandardHostValve.java:171)
	at org.apache.catalina.valves.ErrorReportValve.invoke(ErrorReportValve.java:100)
	at org.apache.catalina.valves.AccessLogValve.invoke(AccessLogValve.java:953)
	at org.apache.catalina.core.StandardEngineValve.invoke(StandardEngineValve.java:118)
	at org.apache.catalina.connector.CoyoteAdapter.service(CoyoteAdapter.java:408)
	at org.apache.coyote.http11.AbstractHttp11Processor.process(AbstractHttp11Processor.java:1041)
	at org.apache.coyote.AbstractProtocol$AbstractConnectionHandler.process(AbstractProtocol.java:603)
	at org.apache.tomcat.util.net.JIoEndpoint$SocketProcessor.run(JIoEndpoint.java:312)
	at java.util.concurrent.ThreadPoolExecutor.runWorker(ThreadPoolExecutor.java:1149)
	at java.util.concurrent.ThreadPoolExecutor$Worker.run(ThreadPoolExecutor.java:624)
	at java.lang.Thread.run(Thread.java:748)
[WARN][2017-08-14 10:56:43,400][org.apache.struts2.dispatcher.Dispatcher]Could not find action or result: /academictitle/loginAction_login?username=&password=
There is no Action mapped for namespace [/] and action name [loginAction_login] associated with context path [/academictitle]. - [unknown location]
	at com.opensymphony.xwork2.DefaultActionProxy.prepare(DefaultActionProxy.java:185)
	at org.apache.struts2.impl.StrutsActionProxy.prepare(StrutsActionProxy.java:63)
	at org.apache.struts2.impl.StrutsActionProxyFactory.createActionProxy(StrutsActionProxyFactory.java:37)
	at com.opensymphony.xwork2.DefaultActionProxyFactory.createActionProxy(DefaultActionProxyFactory.java:58)
	at org.apache.struts2.dispatcher.Dispatcher.serviceAction(Dispatcher.java:554)
	at org.apache.struts2.dispatcher.ng.ExecuteOperations.executeAction(ExecuteOperations.java:81)
	at org.apache.struts2.dispatcher.ng.filter.StrutsPrepareAndExecuteFilter.doFilter(StrutsPrepareAndExecuteFilter.java:99)
	at org.apache.catalina.core.ApplicationFilterChain.internalDoFilter(ApplicationFilterChain.java:243)
	at org.apache.catalina.core.ApplicationFilterChain.doFilter(ApplicationFilterChain.java:210)
	at org.apache.catalina.core.StandardWrapperValve.invoke(StandardWrapperValve.java:222)
	at org.apache.catalina.core.StandardContextValve.invoke(StandardContextValve.java:123)
	at org.apache.catalina.core.StandardHostValve.invoke(StandardHostValve.java:171)
	at org.apache.catalina.valves.ErrorReportValve.invoke(ErrorReportValve.java:100)
	at org.apache.catalina.valves.AccessLogValve.invoke(AccessLogValve.java:953)
	at org.apache.catalina.core.StandardEngineValve.invoke(StandardEngineValve.java:118)
	at org.apache.catalina.connector.CoyoteAdapter.service(CoyoteAdapter.java:408)
	at org.apache.coyote.http11.AbstractHttp11Processor.process(AbstractHttp11Processor.java:1041)
	at org.apache.coyote.AbstractProtocol$AbstractConnectionHandler.process(AbstractProtocol.java:603)
	at org.apache.tomcat.util.net.JIoEndpoint$SocketProcessor.run(JIoEndpoint.java:312)
	at java.util.concurrent.ThreadPoolExecutor.runWorker(ThreadPoolExecutor.java:1149)
	at java.util.concurrent.ThreadPoolExecutor$Worker.run(ThreadPoolExecutor.java:624)
	at java.lang.Thread.run(Thread.java:748)
[INFO][2017-08-14 11:05:20,513][com.opensymphony.xwork2.config.ConfigurationManager]Detected container provider [Struts XML configuration provider (struts.xml)] needs to be reloaded. Reloading all providers.
[INFO][2017-08-14 11:05:20,648][com.opensymphony.xwork2.config.providers.XmlConfigurationProvider]Parsing configuration file [struts-default.xml]
[INFO][2017-08-14 11:05:20,672][com.opensymphony.xwork2.config.providers.XmlConfigurationProvider]Parsing configuration file [struts-plugin.xml]
[INFO][2017-08-14 11:05:20,680][com.opensymphony.xwork2.config.providers.XmlConfigurationProvider]Unable to locate configuration files of the name manage-struts.xml, skipping
[INFO][2017-08-14 11:05:20,680][com.opensymphony.xwork2.config.providers.XmlConfigurationProvider]Parsing configuration file [struts.xml]
[INFO][2017-08-14 11:05:20,681][org.apache.struts2.config.AbstractBeanSelectionProvider]Choosing bean (spring) for (com.opensymphony.xwork2.ObjectFactory)
[INFO][2017-08-14 11:05:20,682][org.apache.struts2.config.AbstractBeanSelectionProvider]Choosing bean (struts) for (com.opensymphony.xwork2.factory.ActionFactory)
[INFO][2017-08-14 11:05:20,682][org.apache.struts2.config.AbstractBeanSelectionProvider]Choosing bean (struts) for (com.opensymphony.xwork2.factory.ResultFactory)
[INFO][2017-08-14 11:05:20,682][org.apache.struts2.config.AbstractBeanSelectionProvider]Choosing bean (struts) for (com.opensymphony.xwork2.factory.ConverterFactory)
[INFO][2017-08-14 11:05:20,682][org.apache.struts2.config.AbstractBeanSelectionProvider]Choosing bean (struts) for (com.opensymphony.xwork2.factory.InterceptorFactory)
[INFO][2017-08-14 11:05:20,682][org.apache.struts2.config.AbstractBeanSelectionProvider]Choosing bean (struts) for (com.opensymphony.xwork2.factory.ValidatorFactory)
[INFO][2017-08-14 11:05:20,682][org.apache.struts2.config.AbstractBeanSelectionProvider]Choosing bean (struts) for (com.opensymphony.xwork2.factory.UnknownHandlerFactory)
[INFO][2017-08-14 11:05:20,683][org.apache.struts2.config.AbstractBeanSelectionProvider]Choosing bean (struts) for (com.opensymphony.xwork2.FileManagerFactory)
[INFO][2017-08-14 11:05:20,683][org.apache.struts2.config.AbstractBeanSelectionProvider]Choosing bean (struts) for (com.opensymphony.xwork2.conversion.impl.XWorkConverter)
[INFO][2017-08-14 11:05:20,683][org.apache.struts2.config.AbstractBeanSelectionProvider]Choosing bean (struts) for (com.opensymphony.xwork2.conversion.impl.CollectionConverter)
[INFO][2017-08-14 11:05:20,683][org.apache.struts2.config.AbstractBeanSelectionProvider]Choosing bean (struts) for (com.opensymphony.xwork2.conversion.impl.ArrayConverter)
[INFO][2017-08-14 11:05:20,684][org.apache.struts2.config.AbstractBeanSelectionProvider]Choosing bean (struts) for (com.opensymphony.xwork2.conversion.impl.DateConverter)
[INFO][2017-08-14 11:05:20,684][org.apache.struts2.config.AbstractBeanSelectionProvider]Choosing bean (struts) for (com.opensymphony.xwork2.conversion.impl.NumberConverter)
[INFO][2017-08-14 11:05:20,684][org.apache.struts2.config.AbstractBeanSelectionProvider]Choosing bean (struts) for (com.opensymphony.xwork2.conversion.impl.StringConverter)
[INFO][2017-08-14 11:05:20,684][org.apache.struts2.config.AbstractBeanSelectionProvider]Choosing bean (struts) for (com.opensymphony.xwork2.conversion.ConversionPropertiesProcessor)
[INFO][2017-08-14 11:05:20,684][org.apache.struts2.config.AbstractBeanSelectionProvider]Choosing bean (struts) for (com.opensymphony.xwork2.conversion.ConversionFileProcessor)
[INFO][2017-08-14 11:05:20,685][org.apache.struts2.config.AbstractBeanSelectionProvider]Choosing bean (struts) for (com.opensymphony.xwork2.conversion.ConversionAnnotationProcessor)
[INFO][2017-08-14 11:05:20,685][org.apache.struts2.config.AbstractBeanSelectionProvider]Choosing bean (struts) for (com.opensymphony.xwork2.conversion.TypeConverterCreator)
[INFO][2017-08-14 11:05:20,685][org.apache.struts2.config.AbstractBeanSelectionProvider]Choosing bean (struts) for (com.opensymphony.xwork2.conversion.TypeConverterHolder)
[INFO][2017-08-14 11:05:20,685][org.apache.struts2.config.AbstractBeanSelectionProvider]Choosing bean (struts) for (com.opensymphony.xwork2.TextProvider)
[INFO][2017-08-14 11:05:20,685][org.apache.struts2.config.AbstractBeanSelectionProvider]Choosing bean (struts) for (com.opensymphony.xwork2.LocaleProvider)
[INFO][2017-08-14 11:05:20,685][org.apache.struts2.config.AbstractBeanSelectionProvider]Choosing bean (struts) for (com.opensymphony.xwork2.ActionProxyFactory)
[INFO][2017-08-14 11:05:20,685][org.apache.struts2.config.AbstractBeanSelectionProvider]Choosing bean (struts) for (com.opensymphony.xwork2.conversion.ObjectTypeDeterminer)
[INFO][2017-08-14 11:05:20,686][org.apache.struts2.config.AbstractBeanSelectionProvider]Choosing bean (struts) for (org.apache.struts2.dispatcher.mapper.ActionMapper)
[INFO][2017-08-14 11:05:20,686][org.apache.struts2.config.AbstractBeanSelectionProvider]Choosing bean (jakarta) for (org.apache.struts2.dispatcher.multipart.MultiPartRequest)
[INFO][2017-08-14 11:05:20,686][org.apache.struts2.config.AbstractBeanSelectionProvider]Choosing bean (struts) for (org.apache.struts2.views.freemarker.FreemarkerManager)
[INFO][2017-08-14 11:05:20,687][org.apache.struts2.config.AbstractBeanSelectionProvider]Choosing bean (struts) for (org.apache.struts2.components.UrlRenderer)
[INFO][2017-08-14 11:05:20,688][org.apache.struts2.config.AbstractBeanSelectionProvider]Choosing bean (struts) for (com.opensymphony.xwork2.validator.ActionValidatorManager)
[INFO][2017-08-14 11:05:20,688][org.apache.struts2.config.AbstractBeanSelectionProvider]Choosing bean (struts) for (com.opensymphony.xwork2.util.ValueStackFactory)
[INFO][2017-08-14 11:05:20,688][org.apache.struts2.config.AbstractBeanSelectionProvider]Choosing bean (struts) for (com.opensymphony.xwork2.util.reflection.ReflectionProvider)
[INFO][2017-08-14 11:05:20,688][org.apache.struts2.config.AbstractBeanSelectionProvider]Choosing bean (struts) for (com.opensymphony.xwork2.util.reflection.ReflectionContextFactory)
[INFO][2017-08-14 11:05:20,688][org.apache.struts2.config.AbstractBeanSelectionProvider]Choosing bean (struts) for (com.opensymphony.xwork2.util.PatternMatcher)
[INFO][2017-08-14 11:05:20,689][org.apache.struts2.config.AbstractBeanSelectionProvider]Choosing bean (struts) for (org.apache.struts2.util.ContentTypeMatcher)
[INFO][2017-08-14 11:05:20,689][org.apache.struts2.config.AbstractBeanSelectionProvider]Choosing bean (struts) for (org.apache.struts2.dispatcher.StaticContentLoader)
[INFO][2017-08-14 11:05:20,689][org.apache.struts2.config.AbstractBeanSelectionProvider]Choosing bean (struts) for (com.opensymphony.xwork2.UnknownHandlerManager)
[INFO][2017-08-14 11:05:20,689][org.apache.struts2.config.AbstractBeanSelectionProvider]Choosing bean (struts) for (org.apache.struts2.views.util.UrlHelper)
[INFO][2017-08-14 11:05:20,689][org.apache.struts2.config.AbstractBeanSelectionProvider]Choosing bean (struts) for (com.opensymphony.xwork2.util.TextParser)
[INFO][2017-08-14 11:05:20,689][org.apache.struts2.config.AbstractBeanSelectionProvider]Choosing bean (struts) for (org.apache.struts2.dispatcher.DispatcherErrorHandler)
[INFO][2017-08-14 11:05:20,689][org.apache.struts2.config.AbstractBeanSelectionProvider]Choosing bean (struts) for (com.opensymphony.xwork2.security.ExcludedPatternsChecker)
[INFO][2017-08-14 11:05:20,690][org.apache.struts2.config.AbstractBeanSelectionProvider]Choosing bean (struts) for (com.opensymphony.xwork2.security.AcceptedPatternsChecker)
[INFO][2017-08-14 11:05:20,693][org.apache.struts2.spring.StrutsSpringObjectFactory]Initializing Struts-Spring integration...
[INFO][2017-08-14 11:05:20,693][com.opensymphony.xwork2.spring.SpringObjectFactory]Setting autowire strategy to name
[INFO][2017-08-14 11:05:20,694][org.apache.struts2.spring.StrutsSpringObjectFactory]... initialized Struts-Spring integration successfully
[INFO][2017-08-14 11:05:20,762][org.springframework.web.context.support.XmlWebApplicationContext]Closing Root WebApplicationContext: startup date [Mon Aug 14 10:55:26 CST 2017]; root of context hierarchy
